<?xml version="1.0" encoding="UTF-8"?>
<!-- Generated by org.testng.reporters.JUnitReportReporter -->
<testsuite skipped="3" hostname="ZHOUYIN4" name="com.nancy.testscripts.AddressManagement" tests="3" failures="0" timestamp="14 Jun 2017 09:47:43 GMT" time="0.000" errors="0">
  <testcase name="deleteAddress" time="0.000" classname="com.nancy.testscripts.AddressManagement">
    <skipped/>
  </testcase> <!-- deleteAddress -->
  <testcase name="AddNewAddress" time="0.000" classname="com.nancy.testscripts.AddressManagement">
    <skipped/>
  </testcase> <!-- AddNewAddress -->
  <testcase name="UpdateNewAddress" time="0.000" classname="com.nancy.testscripts.AddressManagement">
    <skipped/>
  </testcase> <!-- UpdateNewAddress -->
</testsuite> <!-- com.nancy.testscripts.AddressManagement -->
