<?xml version="1.0" encoding="UTF-8"?>
<!-- Generated by org.testng.reporters.JUnitReportReporter -->
<testsuite skipped="1" hostname="ZHOUYIN4" name="com.nancy.testscripts.SearchFromMenuCategory" tests="1" failures="0" timestamp="14 Jun 2017 09:47:43 GMT" time="0.001" errors="0">
  <testcase name="SearchFromMenuCategory" time="0.001" classname="com.nancy.testscripts.SearchFromMenuCategory">
    <skipped/>
  </testcase> <!-- SearchFromMenuCategory -->
</testsuite> <!-- com.nancy.testscripts.SearchFromMenuCategory -->
