<?xml version="1.0" encoding="UTF-8"?>
<!-- Generated by org.testng.reporters.JUnitReportReporter -->
<testsuite skipped="0" hostname="DESKTOP-DSMJV8E" name="com.nancy.testscripts.SearchFromMenuCategory" tests="1" failures="0" timestamp="23 六月 2017 10:13:47 GMT" time="6.786" errors="0">
  <testcase name="SearchFromMenuCategory" time="6.786" classname="com.nancy.testscripts.SearchFromMenuCategory"/>
</testsuite> <!-- com.nancy.testscripts.SearchFromMenuCategory -->
