<?xml version="1.0" encoding="UTF-8"?>
<!-- Generated by org.testng.reporters.JUnitReportReporter -->
<testsuite skipped="1" hostname="ZHOUYIN4" name="com.nancy.testscripts.SearchAndViewDetail" tests="1" failures="0" timestamp="14 Jun 2017 09:47:43 GMT" time="0.000" errors="0">
  <testcase name="SearchAndViewDetail" time="0.000" classname="com.nancy.testscripts.SearchAndViewDetail">
    <skipped/>
  </testcase> <!-- SearchAndViewDetail -->
</testsuite> <!-- com.nancy.testscripts.SearchAndViewDetail -->
