<?xml version="1.0" encoding="UTF-8"?>
<!-- Generated by org.testng.reporters.JUnitReportReporter -->
<testsuite skipped="0" hostname="DESKTOP-DSMJV8E" name="com.nancy.testscripts.AddressManagement" tests="3" failures="0" timestamp="23 六月 2017 10:13:47 GMT" time="18.393" errors="0">
  <testcase name="AddNewAddress" time="7.941" classname="com.nancy.testscripts.AddressManagement"/>
  <testcase name="UpdateNewAddress" time="5.281" classname="com.nancy.testscripts.AddressManagement"/>
  <testcase name="deleteAddress" time="5.171" classname="com.nancy.testscripts.AddressManagement"/>
</testsuite> <!-- com.nancy.testscripts.AddressManagement -->
