<?xml version="1.0" encoding="UTF-8"?>
<!-- Generated by org.testng.reporters.JUnitReportReporter -->
<testsuite skipped="0" hostname="DESKTOP-DSMJV8E" name="com.nancy.testscripts.SearchAndViewDetail" tests="1" failures="0" timestamp="23 六月 2017 10:13:47 GMT" time="18.460" errors="0">
  <testcase name="SearchAndViewDetail" time="18.460" classname="com.nancy.testscripts.SearchAndViewDetail"/>
</testsuite> <!-- com.nancy.testscripts.SearchAndViewDetail -->
