<?xml version="1.0" encoding="UTF-8"?>
<!-- Generated by org.testng.reporters.JUnitReportReporter -->
<testsuite skipped="0" hostname="ZHOUYIN4" name="com.nancy.testscripts.SearchFromMenuCategory" tests="1" failures="0" timestamp="09 Jun 2017 03:59:31 GMT" time="8.594" errors="0">
  <testcase name="SearchFromMenuCategory" time="8.594" classname="com.nancy.testscripts.SearchFromMenuCategory"/>
</testsuite> <!-- com.nancy.testscripts.SearchFromMenuCategory -->
