<?xml version="1.0" encoding="UTF-8"?>
<!-- Generated by org.testng.reporters.JUnitReportReporter -->
<testsuite skipped="0" hostname="ZHOUYIN4" name="com.nancy.testscripts.RegisterAccount" tests="1" failures="0" timestamp="25 May 2017 03:25:32 GMT" time="17.047" errors="0">
  <testcase name="RegisterAccount" time="17.047" classname="com.nancy.testscripts.RegisterAccount"/>
</testsuite> <!-- com.nancy.testscripts.RegisterAccount -->
