<?xml version="1.0" encoding="UTF-8"?>
<!-- Generated by org.testng.reporters.JUnitReportReporter -->
<testsuite skipped="0" hostname="ZHOUYIN4" name="com.nancy.testscripts.SearchAndViewDetail" tests="1" failures="0" timestamp="09 Jun 2017 03:59:31 GMT" time="19.698" errors="0">
  <testcase name="SearchAndViewDetail" time="19.698" classname="com.nancy.testscripts.SearchAndViewDetail"/>
</testsuite> <!-- com.nancy.testscripts.SearchAndViewDetail -->
